{"level":"warning","message":"Cuidado, Tenemos un problemita..."}
{"level":"error","message":"Un error se ha detectado..."}
{"level":"warning","message":"Cuidado, Tenemos un problemita..."}
{"level":"error","message":"Un error se ha detectado..."}
{"level":"warning","message":"Cuidado, Tenemos un problemita..."}
{"level":"error","message":"Un error se ha detectado..."}
{"level":"warning","message":"Cuidado, Tenemos un problemita..."}
{"level":"error","message":"Un error se ha detectado..."}
{"level":"error","message":"GET en /public/css/styles.css - function toLocaleTimeString() { [native code] }"}
{"level":"error","message":"GET en /favicon.ico - function toLocaleTimeString() { [native code] }"}
{"level":"error","message":"GET en /public/css/styles.css - function toLocaleTimeString() { [native code] }"}
{"level":"error","message":"GET en /public/css/styles.css - function toLocaleTimeString() { [native code] }"}
{"level":"error","message":"GET en /public/css/styles.css - function toLocaleTimeString() { [native code] }"}
{"level":"warning","message":"Cuidado, Tenemos un problemita..."}
{"level":"error","message":"Un error se ha detectado..."}
{"level":"error","message":"GET en /public/css/styles.css - function toLocaleTimeString() { [native code] }"}
{"level":"error","message":"GET en /favicon.ico - function toLocaleTimeString() { [native code] }"}
{"level":"error","message":"GET en /public/css/styles.css - function toLocaleTimeString() { [native code] }"}
{"level":"warning","message":"Cuidado, Tenemos un problemita..."}
{"level":"error","message":"Un error se ha detectado..."}
{"level":"error","message":"GET en /public/css/styles.css - function toLocaleTimeString() { [native code] }"}
{"level":"error","message":"GET en /public/css/styles.css - function toLocaleTimeString() { [native code] }"}
{"level":"error","message":"GET en /public/css/styles.css - function toLocaleTimeString() { [native code] }"}
{"level":"warning","message":"Cuidado, Tenemos un problemita..."}
{"level":"error","message":"Un error se ha detectado..."}
{"level":"error","message":"GET en /public/css/styles.css - function toLocaleTimeString() { [native code] }"}
{"level":"error","message":"GET en /public/css/styles.css - function toLocaleTimeString() { [native code] }"}
{"level":"error","message":"GET en /public/css/styles.css - function toLocaleTimeString() { [native code] }"}
{"level":"error","message":"GET en /public/css/styles.css - function toLocaleTimeString() { [native code] }"}
{"level":"error","message":"GET en /public/css/styles.css - function toLocaleTimeString() { [native code] }"}
{"level":"error","message":"GET en /public/css/styles.css - function toLocaleTimeString() { [native code] }"}
{"level":"error","message":"GET en /public/css/styles.css - function toLocaleTimeString() { [native code] }"}
{"level":"error","message":"GET en /public/css/styles.css - function toLocaleTimeString() { [native code] }"}
{"level":"error","message":"GET en /public/css/styles.css - function toLocaleTimeString() { [native code] }"}
{"level":"error","message":"GET en /public/css/styles.css - function toLocaleTimeString() { [native code] }"}
{"level":"error","message":"GET en /public/css/styles.css - function toLocaleTimeString() { [native code] }"}
{"level":"error","message":"GET en /public/css/styles.css - function toLocaleTimeString() { [native code] }"}
{"level":"error","message":"GET en /public/css/styles.css - function toLocaleTimeString() { [native code] }"}
{"level":"error","message":"GET en /public/css/styles.css - function toLocaleTimeString() { [native code] }"}
{"level":"error","message":"GET en /public/css/styles.css - function toLocaleTimeString() { [native code] }"}
{"level":"error","message":"GET en /public/css/styles.css - function toLocaleTimeString() { [native code] }"}
{"level":"error","message":"GET en /public/css/styles.css - function toLocaleTimeString() { [native code] }"}
{"level":"warning","message":"Cuidado, Tenemos un problemita..."}
{"level":"error","message":"Un error se ha detectado..."}
{"level":"warning","message":"Cuidado, Tenemos un problemita..."}
{"level":"error","message":"Un error se ha detectado..."}
{"level":"warning","message":"Cuidado, Tenemos un problemita..."}
{"level":"error","message":"Un error se ha detectado..."}
{"level":"error","message":"GET en /public/css/styles.css - function toLocaleTimeString() { [native code] }"}
{"level":"error","message":"GET en /public/css/styles.css - function toLocaleTimeString() { [native code] }"}
{"level":"warning","message":"Cuidado, Tenemos un problemita..."}
{"level":"error","message":"Un error se ha detectado..."}
{"level":"error","message":"GET en /public/css/styles.css - function toLocaleTimeString() { [native code] }"}
{"level":"error","message":"GET en /public/css/styles.css - function toLocaleTimeString() { [native code] }"}
{"level":"warning","message":"Cuidado, Tenemos un problemita..."}
{"level":"error","message":"Un error se ha detectado..."}
{"level":"error","message":"GET en /public/css/styles.css - function toLocaleTimeString() { [native code] }"}
{"level":"error","message":"GET en /public/css/styles.css - function toLocaleTimeString() { [native code] }"}
{"level":"error","message":"GET en /public/css/styles.css - function toLocaleTimeString() { [native code] }"}
{"level":"warning","message":"Cuidado, Tenemos un problemita..."}
{"level":"error","message":"Un error se ha detectado..."}
{"level":"error","message":"GET en /public/css/styles.css - function toLocaleTimeString() { [native code] }"}
{"level":"error","message":"GET en /public/css/styles.css - function toLocaleTimeString() { [native code] }"}
{"level":"error","message":"GET en /public/css/styles.css - function toLocaleTimeString() { [native code] }"}
{"level":"warning","message":"Cuidado, Tenemos un problemita..."}
{"level":"error","message":"Un error se ha detectado..."}
{"level":"error","message":"GET en /public/css/styles.css - function toLocaleTimeString() { [native code] }"}
{"level":"error","message":"GET en /public/css/styles.css - function toLocaleTimeString() { [native code] }"}
{"level":"error","message":"GET en /public/css/styles.css - function toLocaleTimeString() { [native code] }"}
{"level":"warning","message":"Cuidado, Tenemos un problemita..."}
{"level":"error","message":"Un error se ha detectado..."}
{"level":"error","message":"GET en /public/css/styles.css - function toLocaleTimeString() { [native code] }"}
{"level":"error","message":"GET en /public/css/styles.css - function toLocaleTimeString() { [native code] }"}
{"level":"error","message":"GET en /public/css/styles.css - function toLocaleTimeString() { [native code] }"}
{"level":"warning","message":"Cuidado, Tenemos un problemita..."}
{"level":"error","message":"Un error se ha detectado..."}
{"level":"error","message":"GET en /public/css/styles.css - function toLocaleTimeString() { [native code] }"}
{"level":"error","message":"GET en /public/css/styles.css - function toLocaleTimeString() { [native code] }"}
{"level":"warning","message":"Cuidado, Tenemos un problemita..."}
{"level":"error","message":"Un error se ha detectado..."}
{"level":"error","message":"GET en /public/css/styles.css - function toLocaleTimeString() { [native code] }"}
{"level":"error","message":"GET en /favicon.ico - function toLocaleTimeString() { [native code] }"}
{"level":"error","message":"GET en /public/css/styles.css - function toLocaleTimeString() { [native code] }"}
{"level":"error","message":"GET en /public/css/styles.css - function toLocaleTimeString() { [native code] }"}
{"level":"error","message":"GET en /public/css/styles.css - function toLocaleTimeString() { [native code] }"}
{"level":"error","message":"GET en /public/css/styles.css - function toLocaleTimeString() { [native code] }"}
{"level":"error","message":"GET en /public/css/styles.css - function toLocaleTimeString() { [native code] }"}
{"level":"error","message":"GET en /public/css/styles.css - function toLocaleTimeString() { [native code] }"}
{"level":"error","message":"GET en /public/css/styles.css - function toLocaleTimeString() { [native code] }"}
{"level":"error","message":"GET en /public/css/styles.css - function toLocaleTimeString() { [native code] }"}
{"level":"error","message":"GET en /public/css/styles.css - function toLocaleTimeString() { [native code] }"}
{"level":"error","message":"GET en /public/css/styles.css - function toLocaleTimeString() { [native code] }"}
{"level":"error","message":"GET en /public/css/styles.css - function toLocaleTimeString() { [native code] }"}
{"level":"error","message":"GET en /public/css/styles.css - function toLocaleTimeString() { [native code] }"}
{"level":"error","message":"GET en /public/css/styles.css - function toLocaleTimeString() { [native code] }"}
{"level":"error","message":"GET en /public/css/styles.css - function toLocaleTimeString() { [native code] }"}
{"level":"error","message":"GET en /public/css/styles.css - function toLocaleTimeString() { [native code] }"}
{"level":"error","message":"GET en /public/css/styles.css - function toLocaleTimeString() { [native code] }"}
{"level":"error","message":"GET en /pruebalogger - function toLocaleTimeString() { [native code] }"}
{"level":"warning","message":"Cuidado, Tenemos un problemita..."}
{"level":"error","message":"Un error se ha detectado..."}
{"level":"error","message":"GET en /public/css/styles.css - function toLocaleTimeString() { [native code] }"}
{"level":"error","message":"GET en /favicon.ico - function toLocaleTimeString() { [native code] }"}
{"level":"error","message":"GET en /public/css/styles.css - function toLocaleTimeString() { [native code] }"}
{"level":"error","message":"GET en /public/css/styles.css - function toLocaleTimeString() { [native code] }"}
{"level":"error","message":"GET en /public/css/styles.css - function toLocaleTimeString() { [native code] }"}
{"level":"warning","message":"Cuidado, Tenemos un problemita..."}
{"level":"error","message":"Un error se ha detectado..."}
{"level":"error","message":"GET en /public/css/styles.css - function toLocaleTimeString() { [native code] }"}
{"level":"error","message":"GET en /favicon.ico - function toLocaleTimeString() { [native code] }"}
{"level":"error","message":"GET en /public/css/styles.css - function toLocaleTimeString() { [native code] }"}
{"level":"warning","message":"Cuidado, Tenemos un problemita..."}
{"level":"error","message":"Un error se ha detectado..."}
{"level":"error","message":"GET en /public/css/styles.css - function toLocaleTimeString() { [native code] }"}
{"level":"error","message":"GET en /public/css/styles.css - function toLocaleTimeString() { [native code] }"}
{"level":"error","message":"GET en /public/css/styles.css - function toLocaleTimeString() { [native code] }"}
{"level":"error","message":"GET en /public/css/styles.css - function toLocaleTimeString() { [native code] }"}
{"level":"error","message":"POST en /productos - function toLocaleTimeString() { [native code] }"}
{"level":"error","message":"GET en /public/css/styles.css - function toLocaleTimeString() { [native code] }"}
{"level":"error","message":"POST en /productos - function toLocaleTimeString() { [native code] }"}
{"level":"warning","message":"Cuidado, Tenemos un problemita..."}
{"level":"error","message":"Un error se ha detectado..."}
{"level":"error","message":"GET en /public/css/styles.css - function toLocaleTimeString() { [native code] }"}
{"level":"error","message":"GET en /favicon.ico - function toLocaleTimeString() { [native code] }"}
{"level":"error","message":"GET en /public/css/styles.css - function toLocaleTimeString() { [native code] }"}
{"level":"error","message":"GET en /public/css/styles.css - function toLocaleTimeString() { [native code] }"}
{"level":"warning","message":"Cuidado, Tenemos un problemita..."}
{"level":"error","message":"Un error se ha detectado..."}
{"level":"error","message":"GET en / - function toLocaleTimeString() { [native code] }"}
{"level":"error","message":"GET en / - function toLocaleTimeString() { [native code] }"}
{"level":"error","message":"GET en / - function toLocaleTimeString() { [native code] }"}
{"level":"error","message":"GET en / - function toLocaleTimeString() { [native code] }"}
{"level":"error","message":"GET en /public/css/styles.css - function toLocaleTimeString() { [native code] }"}
{"level":"error","message":"GET en /public/css/styles.css - function toLocaleTimeString() { [native code] }"}
{"level":"error","message":"GET en /peticion - function toLocaleTimeString() { [native code] }"}
{"level":"error","message":"GET en /public/css/styles.css - function toLocaleTimeString() { [native code] }"}
{"level":"warning","message":"Cuidado, Tenemos un problemita..."}
{"level":"error","message":"Un error se ha detectado..."}
{"level":"error","message":"GET en /public/css/styles.css - function toLocaleTimeString() { [native code] }"}
{"level":"error","message":"GET en /favicon.ico - function toLocaleTimeString() { [native code] }"}
{"level":"error","message":"GET en /peticion - function toLocaleTimeString() { [native code] }"}
{"level":"warning","message":"Cuidado, Tenemos un problemita..."}
{"level":"error","message":"Un error se ha detectado..."}
{"level":"error","message":"GET en /public/css/styles.css - function toLocaleTimeString() { [native code] }"}
{"level":"error","message":"GET en /favicon.ico - function toLocaleTimeString() { [native code] }"}
{"level":"error","message":"GET en /public/css/styles.css - function toLocaleTimeString() { [native code] }"}
{"level":"error","message":"GET en /public/css/styles.css - function toLocaleTimeString() { [native code] }"}
{"level":"error","message":"GET en /logOut.handlebars - function toLocaleTimeString() { [native code] }"}
{"level":"error","message":"GET en /public/css/styles.css - function toLocaleTimeString() { [native code] }"}
{"level":"error","message":"GET en /public/css/styles.css - function toLocaleTimeString() { [native code] }"}
{"level":"error","message":"GET en /public/css/styles.css - function toLocaleTimeString() { [native code] }"}
{"level":"error","message":"GET en /public/css/styles.css - function toLocaleTimeString() { [native code] }"}
{"level":"error","message":"GET en /public/css/styles.css - function toLocaleTimeString() { [native code] }"}
{"level":"error","message":"GET en /public/css/styles.css - function toLocaleTimeString() { [native code] }"}
{"level":"error","message":"GET en /public/css/styles.css - function toLocaleTimeString() { [native code] }"}
{"level":"warning","message":"Cuidado, Tenemos un problemita..."}
{"level":"error","message":"Un error se ha detectado..."}
{"level":"warning","message":"Cuidado, Tenemos un problemita..."}
{"level":"error","message":"Un error se ha detectado..."}
{"level":"error","message":"GET en /public/css/styles.css - function toLocaleTimeString() { [native code] }"}
{"level":"error","message":"GET en /public/css/styles.css - function toLocaleTimeString() { [native code] }"}
{"level":"error","message":"GET en /public/css/styles.css - function toLocaleTimeString() { [native code] }"}
{"level":"error","message":"GET en /public/css/styles.css - function toLocaleTimeString() { [native code] }"}
{"level":"error","message":"GET en /public/css/styles.css - function toLocaleTimeString() { [native code] }"}
{"level":"warning","message":"Cuidado, Tenemos un problemita..."}
{"level":"error","message":"Un error se ha detectado..."}
{"level":"error","message":"GET en /public/css/styles.css - function toLocaleTimeString() { [native code] }"}
{"level":"error","message":"GET en /favicon.ico - function toLocaleTimeString() { [native code] }"}
{"level":"error","message":"GET en /public/css/styles.css - function toLocaleTimeString() { [native code] }"}
{"level":"error","message":"GET en /public/css/styles.css - function toLocaleTimeString() { [native code] }"}
{"level":"error","message":"GET en /public/css/styles.css - function toLocaleTimeString() { [native code] }"}
{"level":"error","message":"GET en /public/css/styles.css - function toLocaleTimeString() { [native code] }"}
{"level":"error","message":"GET en /public/css/styles.css - function toLocaleTimeString() { [native code] }"}
{"level":"error","message":"GET en /public/css/styles.css - function toLocaleTimeString() { [native code] }"}
{"level":"warning","message":"Cuidado, Tenemos un problemita..."}
{"level":"error","message":"Un error se ha detectado..."}
{"level":"error","message":"GET en /public/css/styles.css - function toLocaleTimeString() { [native code] }"}
{"level":"error","message":"GET en /public/css/styles.css - function toLocaleTimeString() { [native code] }"}
{"level":"error","message":"GET en /public/css/styles.css - function toLocaleTimeString() { [native code] }"}
{"level":"error","message":"POST en /Products - function toLocaleTimeString() { [native code] }"}
{"level":"error","message":"POST en /Products - function toLocaleTimeString() { [native code] }"}
{"level":"error","message":"POST en /Products - function toLocaleTimeString() { [native code] }"}
{"level":"error","message":"POST en /Products - function toLocaleTimeString() { [native code] }"}
{"level":"warning","message":"Cuidado, Tenemos un problemita..."}
{"level":"error","message":"Un error se ha detectado..."}
{"level":"error","message":"GET en /public/css/styles.css - function toLocaleTimeString() { [native code] }"}
{"level":"error","message":"GET en /favicon.ico - function toLocaleTimeString() { [native code] }"}
{"level":"error","message":"GET en /public/css/styles.css - function toLocaleTimeString() { [native code] }"}
{"level":"error","message":"GET en /public/css/styles.css - function toLocaleTimeString() { [native code] }"}
{"level":"error","message":"GET en /public/css/styles.css - function toLocaleTimeString() { [native code] }"}
{"level":"error","message":"GET en /public/css/styles.css - function toLocaleTimeString() { [native code] }"}
{"level":"error","message":"GET en /public/css/styles.css - function toLocaleTimeString() { [native code] }"}
{"level":"warning","message":"Cuidado, Tenemos un problemita..."}
{"level":"error","message":"Un error se ha detectado..."}
{"level":"error","message":"GET en /public/css/styles.css - function toLocaleTimeString() { [native code] }"}
{"level":"error","message":"GET en /favicon.ico - function toLocaleTimeString() { [native code] }"}
{"level":"error","message":"GET en /public/css/styles.css - function toLocaleTimeString() { [native code] }"}
{"level":"error","message":"GET en /public/css/styles.css - function toLocaleTimeString() { [native code] }"}
{"level":"error","message":"GET en /public/css/styles.css - function toLocaleTimeString() { [native code] }"}
{"level":"error","message":"GET en /public/css/styles.css - function toLocaleTimeString() { [native code] }"}
{"level":"error","message":"GET en /public/css/styles.css - function toLocaleTimeString() { [native code] }"}
{"level":"error","message":"GET en /public/css/styles.css - function toLocaleTimeString() { [native code] }"}
{"level":"error","message":"GET en /public/css/styles.css - function toLocaleTimeString() { [native code] }"}
{"level":"error","message":"GET en /public/css/styles.css - function toLocaleTimeString() { [native code] }"}
{"level":"error","message":"GET en /public/css/styles.css - function toLocaleTimeString() { [native code] }"}
{"level":"error","message":"GET en /public/css/styles.css - function toLocaleTimeString() { [native code] }"}
{"level":"error","message":"GET en /public/css/styles.css - function toLocaleTimeString() { [native code] }"}
{"level":"warning","message":"Cuidado, Tenemos un problemita..."}
{"level":"error","message":"Un error se ha detectado..."}
{"level":"error","message":"GET en /public/css/styles.css - function toLocaleTimeString() { [native code] }"}
{"level":"error","message":"GET en /favicon.ico - function toLocaleTimeString() { [native code] }"}
{"level":"error","message":"GET en /public/css/styles.css - function toLocaleTimeString() { [native code] }"}
{"level":"error","message":"GET en /public/css/styles.css - function toLocaleTimeString() { [native code] }"}
{"level":"error","message":"GET en /public/css/styles.css - function toLocaleTimeString() { [native code] }"}
{"level":"error","message":"GET en /public/css/styles.css - function toLocaleTimeString() { [native code] }"}
{"level":"warning","message":"Cuidado, Tenemos un problemita..."}
{"level":"error","message":"Un error se ha detectado..."}
{"level":"warning","message":"Cuidado, Tenemos un problemita..."}
{"level":"error","message":"Un error se ha detectado..."}
{"level":"warning","message":"Cuidado, Tenemos un problemita..."}
{"level":"error","message":"Un error se ha detectado..."}
{"level":"warning","message":"Cuidado, Tenemos un problemita..."}
{"level":"error","message":"Un error se ha detectado..."}
{"level":"warning","message":"Cuidado, Tenemos un problemita..."}
{"level":"error","message":"Un error se ha detectado..."}
{"level":"warning","message":"Cuidado, Tenemos un problemita..."}
{"level":"error","message":"Un error se ha detectado..."}
{"level":"warning","message":"Cuidado, Tenemos un problemita..."}
{"level":"error","message":"Un error se ha detectado..."}
{"level":"warning","message":"Cuidado, Tenemos un problemita..."}
{"level":"error","message":"Un error se ha detectado..."}
{"level":"warning","message":"Cuidado, Tenemos un problemita..."}
{"level":"error","message":"Un error se ha detectado..."}
{"level":"warning","message":"Cuidado, Tenemos un problemita..."}
{"level":"error","message":"Un error se ha detectado..."}
{"level":"warning","message":"Cuidado, Tenemos un problemita..."}
{"level":"error","message":"Un error se ha detectado..."}
{"level":"error","message":"GET en /public/css/styles.css - function toLocaleTimeString() { [native code] }"}
{"level":"error","message":"GET en /favicon.ico - function toLocaleTimeString() { [native code] }"}
{"level":"error","message":"GET en /public/css/styles.css - function toLocaleTimeString() { [native code] }"}
{"level":"error","message":"GET en /public/css/styles.css - function toLocaleTimeString() { [native code] }"}
{"level":"error","message":"GET en /public/css/styles.css - function toLocaleTimeString() { [native code] }"}
{"level":"error","message":"POST en /productos/ - function toLocaleTimeString() { [native code] }"}
{"level":"error","message":"GET en /public/css/styles.css - function toLocaleTimeString() { [native code] }"}
{"level":"error","message":"POST en /productos/ - function toLocaleTimeString() { [native code] }"}
{"level":"error","message":"POST en /productos/ - function toLocaleTimeString() { [native code] }"}
{"level":"error","message":"GET en /public/css/styles.css - function toLocaleTimeString() { [native code] }"}
{"level":"error","message":"POST en /productos/ - function toLocaleTimeString() { [native code] }"}
{"level":"warning","message":"Cuidado, Tenemos un problemita..."}
{"level":"error","message":"Un error se ha detectado..."}
{"level":"error","message":"GET en /public/css/styles.css - function toLocaleTimeString() { [native code] }"}
{"level":"error","message":"POST en /productos/ - function toLocaleTimeString() { [native code] }"}
{"level":"error","message":"GET en /public/css/styles.css - function toLocaleTimeString() { [native code] }"}
{"level":"error","message":"GET en /public/css/styles.css - function toLocaleTimeString() { [native code] }"}
{"level":"error","message":"GET en /public/css/styles.css - function toLocaleTimeString() { [native code] }"}
{"level":"error","message":"GET en /public/css/styles.css - function toLocaleTimeString() { [native code] }"}
{"level":"error","message":"GET en /public/css/styles.css - function toLocaleTimeString() { [native code] }"}
{"level":"error","message":"GET en /public/css/styles.css - function toLocaleTimeString() { [native code] }"}
{"level":"error","message":"GET en /public/css/styles.css - function toLocaleTimeString() { [native code] }"}
{"level":"error","message":"GET en /public/css/styles.css - function toLocaleTimeString() { [native code] }"}
{"level":"error","message":"GET en /public/css/styles.css - function toLocaleTimeString() { [native code] }"}
{"level":"error","message":"GET en /public/css/styles.css - function toLocaleTimeString() { [native code] }"}
{"level":"error","message":"GET en /public/css/styles.css - function toLocaleTimeString() { [native code] }"}
{"level":"error","message":"GET en /public/css/styles.css - function toLocaleTimeString() { [native code] }"}
{"level":"error","message":"GET en /public/css/styles.css - function toLocaleTimeString() { [native code] }"}
{"level":"error","message":"GET en /public/css/styles.css - function toLocaleTimeString() { [native code] }"}
{"level":"error","message":"GET en /public/css/styles.css - function toLocaleTimeString() { [native code] }"}
{"level":"warning","message":"Cuidado, Tenemos un problemita..."}
{"level":"error","message":"Un error se ha detectado..."}
{"level":"error","message":"GET en /public/css/styles.css - function toLocaleTimeString() { [native code] }"}
{"level":"error","message":"GET en /favicon.ico - function toLocaleTimeString() { [native code] }"}
{"level":"error","message":"GET en /public/css/styles.css - function toLocaleTimeString() { [native code] }"}
{"level":"error","message":"GET en /public/css/styles.css - function toLocaleTimeString() { [native code] }"}
{"level":"error","message":"GET en /public/css/styles.css - function toLocaleTimeString() { [native code] }"}
{"level":"error","message":"GET en /public/css/styles.css - function toLocaleTimeString() { [native code] }"}
{"level":"error","message":"GET en /public/css/styles.css - function toLocaleTimeString() { [native code] }"}
{"level":"error","message":"POST en /productos - function toLocaleTimeString() { [native code] }"}
{"level":"error","message":"GET en /public/css/styles.css - function toLocaleTimeString() { [native code] }"}
{"level":"error","message":"POST en /productos - function toLocaleTimeString() { [native code] }"}
{"level":"error","message":"POST en /productos - function toLocaleTimeString() { [native code] }"}
{"level":"error","message":"POST en /productos - function toLocaleTimeString() { [native code] }"}
{"level":"error","message":"POST en /productos - function toLocaleTimeString() { [native code] }"}
{"level":"error","message":"GET en /public/css/styles.css - function toLocaleTimeString() { [native code] }"}
{"level":"error","message":"GET en /public/css/styles.css - function toLocaleTimeString() { [native code] }"}
{"level":"error","message":"POST en /home - function toLocaleTimeString() { [native code] }"}
{"level":"error","message":"POST en /home - function toLocaleTimeString() { [native code] }"}
{"level":"error","message":"POST en /home - function toLocaleTimeString() { [native code] }"}
{"level":"error","message":"POST en /home - function toLocaleTimeString() { [native code] }"}
{"level":"error","message":"POST en /home - function toLocaleTimeString() { [native code] }"}
{"level":"error","message":"POST en /home - function toLocaleTimeString() { [native code] }"}
{"level":"warning","message":"Cuidado, Tenemos un problemita..."}
{"level":"error","message":"Un error se ha detectado..."}
{"level":"error","message":"GET en /public/css/styles.css - function toLocaleTimeString() { [native code] }"}
{"level":"error","message":"GET en /favicon.ico - function toLocaleTimeString() { [native code] }"}
{"level":"warning","message":"Cuidado, Tenemos un problemita..."}
{"level":"error","message":"Un error se ha detectado..."}
{"level":"warning","message":"Cuidado, Tenemos un problemita..."}
{"level":"error","message":"Un error se ha detectado..."}
{"level":"error","message":"GET en /public/css/styles.css - function toLocaleTimeString() { [native code] }"}
{"level":"error","message":"GET en /public/css/styles.css - function toLocaleTimeString() { [native code] }"}
{"level":"error","message":"POST en /productos - function toLocaleTimeString() { [native code] }"}
{"level":"error","message":"GET en /public/css/styles.css - function toLocaleTimeString() { [native code] }"}
{"level":"error","message":"POST en /productos - function toLocaleTimeString() { [native code] }"}
{"level":"error","message":"GET en /public/css/styles.css - function toLocaleTimeString() { [native code] }"}
{"level":"error","message":"GET en /createproduct - function toLocaleTimeString() { [native code] }"}
{"level":"warning","message":"Cuidado, Tenemos un problemita..."}
{"level":"error","message":"Un error se ha detectado..."}
{"level":"error","message":"GET en /public/css/styles.css - function toLocaleTimeString() { [native code] }"}
{"level":"error","message":"GET en /favicon.ico - function toLocaleTimeString() { [native code] }"}
{"level":"warning","message":"Cuidado, Tenemos un problemita..."}
{"level":"error","message":"Un error se ha detectado..."}
{"level":"error","message":"GET en /public/css/styles.css - function toLocaleTimeString() { [native code] }"}
{"level":"warning","message":"Cuidado, Tenemos un problemita..."}
{"level":"error","message":"Un error se ha detectado..."}
{"level":"error","message":"GET en /public/css/styles.css - function toLocaleTimeString() { [native code] }"}
{"level":"error","message":"GET en /public/css/styles.css - function toLocaleTimeString() { [native code] }"}
{"level":"warning","message":"Cuidado, Tenemos un problemita..."}
{"level":"error","message":"Un error se ha detectado..."}
{"level":"error","message":"GET en /public/css/styles.css - function toLocaleTimeString() { [native code] }"}
{"level":"warning","message":"Cuidado, Tenemos un problemita..."}
{"level":"error","message":"Un error se ha detectado..."}
{"level":"error","message":"GET en /public/css/styles.css - function toLocaleTimeString() { [native code] }"}
{"level":"warning","message":"Cuidado, Tenemos un problemita..."}
{"level":"error","message":"Un error se ha detectado..."}
{"level":"error","message":"GET en /public/css/styles.css - function toLocaleTimeString() { [native code] }"}
{"level":"warning","message":"Cuidado, Tenemos un problemita..."}
{"level":"error","message":"Un error se ha detectado..."}
{"level":"error","message":"GET en /public/css/styles.css - function toLocaleTimeString() { [native code] }"}
{"level":"warning","message":"Cuidado, Tenemos un problemita..."}
{"level":"error","message":"Un error se ha detectado..."}
{"level":"error","message":"GET en /public/css/styles.css - function toLocaleTimeString() { [native code] }"}
{"level":"error","message":"GET en /public/css/styles.css - function toLocaleTimeString() { [native code] }"}
{"level":"error","message":"GET en /public/css/styles.css - function toLocaleTimeString() { [native code] }"}
{"level":"warning","message":"Cuidado, Tenemos un problemita..."}
{"level":"error","message":"Un error se ha detectado..."}
{"level":"warning","message":"Cuidado, Tenemos un problemita..."}
{"level":"error","message":"Un error se ha detectado..."}
{"level":"error","message":"GET en /public/css/styles.css - function toLocaleTimeString() { [native code] }"}
{"level":"error","message":"GET en /favicon.ico - function toLocaleTimeString() { [native code] }"}
{"level":"warning","message":"Cuidado, Tenemos un problemita..."}
{"level":"error","message":"Un error se ha detectado..."}
